-------------------------------------------------------------------------------
Test set: tests.Carrinhos.Get.CarrinhosGetTest
-------------------------------------------------------------------------------
Tests run: 4, Failures: 1, Errors: 0, Skipped: 0, Time elapsed: 0.968 s <<< FAILURE! - in tests.Carrinhos.Get.CarrinhosGetTest
tests.Carrinhos.Get.CarrinhosGetTest.devoValidarSchemaCarrinhosGet  Time elapsed: 0.569 s  <<< FAILURE!
java.lang.AssertionError: 

Expected: The content to match the given JSON schema.
warning: the following keywords are unknown and will be ignored: [$id, examples]
    level: "warning"
    schema: {"loadingURI":"#","pointer":""}
    domain: "syntax"
    ignored: ["$id","examples"]
warning: the following keywords are unknown and will be ignored: [examples]
    level: "warning"
    schema: {"loadingURI":"#","pointer":"/properties/carrinhos"}
    domain: "syntax"
    ignored: ["examples"]
warning: the following keywords are unknown and will be ignored: [examples]
    level: "warning"
    schema: {"loadingURI":"#","pointer":"/properties/carrinhos/items"}
    domain: "syntax"
    ignored: ["examples"]
warning: the following keywords are unknown and will be ignored: [examples]
    level: "warning"
    schema: {"loadingURI":"#","pointer":"/properties/carrinhos/items/properties/_id"}
    domain: "syntax"
    ignored: ["examples"]
warning: the following keywords are unknown and will be ignored: [examples]
    level: "warning"
    schema: {"loadingURI":"#","pointer":"/properties/carrinhos/items/properties/idUsuario"}
    domain: "syntax"
    ignored: ["examples"]
warning: the following keywords are unknown and will be ignored: [examples]
    level: "warning"
    schema: {"loadingURI":"#","pointer":"/properties/carrinhos/items/properties/precoTotal"}
    domain: "syntax"
    ignored: ["examples"]
warning: the following keywords are unknown and will be ignored: [examples]
    level: "warning"
    schema: {"loadingURI":"#","pointer":"/properties/carrinhos/items/properties/produtos"}
    domain: "syntax"
    ignored: ["examples"]
warning: the following keywords are unknown and will be ignored: [examples]
    level: "warning"
    schema: {"loadingURI":"#","pointer":"/properties/carrinhos/items/properties/produtos/items"}
    domain: "syntax"
    ignored: ["examples"]
warning: the following keywords are unknown and will be ignored: [examples]
    level: "warning"
    schema: {"loadingURI":"#","pointer":"/properties/carrinhos/items/properties/produtos/items/items"}
    domain: "syntax"
    ignored: ["examples"]
warning: the following keywords are unknown and will be ignored: [examples]
    level: "warning"
    schema: {"loadingURI":"#","pointer":"/properties/carrinhos/items/properties/produtos/items/items/properties/idProduto"}
    domain: "syntax"
    ignored: ["examples"]
warning: the following keywords are unknown and will be ignored: [examples]
    level: "warning"
    schema: {"loadingURI":"#","pointer":"/properties/carrinhos/items/properties/produtos/items/items/properties/precoUnitario"}
    domain: "syntax"
    ignored: ["examples"]
warning: the following keywords are unknown and will be ignored: [examples]
    level: "warning"
    schema: {"loadingURI":"#","pointer":"/properties/carrinhos/items/properties/produtos/items/items/properties/quantidade"}
    domain: "syntax"
    ignored: ["examples"]
warning: the following keywords are unknown and will be ignored: [examples]
    level: "warning"
    schema: {"loadingURI":"#","pointer":"/properties/carrinhos/items/properties/quantidadeTotal"}
    domain: "syntax"
    ignored: ["examples"]
warning: the following keywords are unknown and will be ignored: [examples]
    level: "warning"
    schema: {"loadingURI":"#","pointer":"/properties/quantidade"}
    domain: "syntax"
    ignored: ["examples"]
warning: the following keywords are unknown and will be ignored: [examples]
    level: "warning"
    schema: {"loadingURI":"#","pointer":"/properties/carrinhos"}
    domain: "syntax"
    ignored: ["examples"]
warning: the following keywords are unknown and will be ignored: [examples]
    level: "warning"
    schema: {"loadingURI":"#","pointer":"/properties/carrinhos/items"}
    domain: "syntax"
    ignored: ["examples"]
warning: the following keywords are unknown and will be ignored: [examples]
    level: "warning"
    schema: {"loadingURI":"#","pointer":"/properties/carrinhos/items/properties/_id"}
    domain: "syntax"
    ignored: ["examples"]
warning: the following keywords are unknown and will be ignored: [examples]
    level: "warning"
    schema: {"loadingURI":"#","pointer":"/properties/carrinhos/items/properties/idUsuario"}
    domain: "syntax"
    ignored: ["examples"]
warning: the following keywords are unknown and will be ignored: [examples]
    level: "warning"
    schema: {"loadingURI":"#","pointer":"/properties/carrinhos/items/properties/precoTotal"}
    domain: "syntax"
    ignored: ["examples"]
warning: the following keywords are unknown and will be ignored: [examples]
    level: "warning"
    schema: {"loadingURI":"#","pointer":"/properties/carrinhos/items/properties/produtos"}
    domain: "syntax"
    ignored: ["examples"]
warning: the following keywords are unknown and will be ignored: [examples]
    level: "warning"
    schema: {"loadingURI":"#","pointer":"/properties/carrinhos/items/properties/produtos/items"}
    domain: "syntax"
    ignored: ["examples"]
warning: the following keywords are unknown and will be ignored: [examples]
    level: "warning"
    schema: {"loadingURI":"#","pointer":"/properties/carrinhos/items/properties/produtos/items/items"}
    domain: "syntax"
    ignored: ["examples"]
warning: the following keywords are unknown and will be ignored: [examples]
    level: "warning"
    schema: {"loadingURI":"#","pointer":"/properties/carrinhos/items/properties/produtos/items/items/properties/idProduto"}
    domain: "syntax"
    ignored: ["examples"]
warning: the following keywords are unknown and will be ignored: [examples]
    level: "warning"
    schema: {"loadingURI":"#","pointer":"/properties/carrinhos/items/properties/produtos/items/items/properties/precoUnitario"}
    domain: "syntax"
    ignored: ["examples"]
warning: the following keywords are unknown and will be ignored: [examples]
    level: "warning"
    schema: {"loadingURI":"#","pointer":"/properties/carrinhos/items/properties/produtos/items/items/properties/quantidade"}
    domain: "syntax"
    ignored: ["examples"]
warning: the following keywords are unknown and will be ignored: [examples]
    level: "warning"
    schema: {"loadingURI":"#","pointer":"/properties/carrinhos/items/properties/quantidadeTotal"}
    domain: "syntax"
    ignored: ["examples"]
warning: the following keywords are unknown and will be ignored: [examples]
    level: "warning"
    schema: {"loadingURI":"#","pointer":"/properties/carrinhos/items"}
    domain: "syntax"
    ignored: ["examples"]
warning: the following keywords are unknown and will be ignored: [examples]
    level: "warning"
    schema: {"loadingURI":"#","pointer":"/properties/carrinhos/items/properties/_id"}
    domain: "syntax"
    ignored: ["examples"]
warning: the following keywords are unknown and will be ignored: [examples]
    level: "warning"
    schema: {"loadingURI":"#","pointer":"/properties/carrinhos/items/properties/idUsuario"}
    domain: "syntax"
    ignored: ["examples"]
warning: the following keywords are unknown and will be ignored: [examples]
    level: "warning"
    schema: {"loadingURI":"#","pointer":"/properties/carrinhos/items/properties/precoTotal"}
    domain: "syntax"
    ignored: ["examples"]
warning: the following keywords are unknown and will be ignored: [examples]
    level: "warning"
    schema: {"loadingURI":"#","pointer":"/properties/carrinhos/items/properties/produtos"}
    domain: "syntax"
    ignored: ["examples"]
warning: the following keywords are unknown and will be ignored: [examples]
    level: "warning"
    schema: {"loadingURI":"#","pointer":"/properties/carrinhos/items/properties/produtos/items"}
    domain: "syntax"
    ignored: ["examples"]
warning: the following keywords are unknown and will be ignored: [examples]
    level: "warning"
    schema: {"loadingURI":"#","pointer":"/properties/carrinhos/items/properties/produtos/items/items"}
    domain: "syntax"
    ignored: ["examples"]
warning: the following keywords are unknown and will be ignored: [examples]
    level: "warning"
    schema: {"loadingURI":"#","pointer":"/properties/carrinhos/items/properties/produtos/items/items/properties/idProduto"}
    domain: "syntax"
    ignored: ["examples"]
warning: the following keywords are unknown and will be ignored: [examples]
    level: "warning"
    schema: {"loadingURI":"#","pointer":"/properties/carrinhos/items/properties/produtos/items/items/properties/precoUnitario"}
    domain: "syntax"
    ignored: ["examples"]
warning: the following keywords are unknown and will be ignored: [examples]
    level: "warning"
    schema: {"loadingURI":"#","pointer":"/properties/carrinhos/items/properties/produtos/items/items/properties/quantidade"}
    domain: "syntax"
    ignored: ["examples"]
warning: the following keywords are unknown and will be ignored: [examples]
    level: "warning"
    schema: {"loadingURI":"#","pointer":"/properties/carrinhos/items/properties/quantidadeTotal"}
    domain: "syntax"
    ignored: ["examples"]
warning: the following keywords are unknown and will be ignored: [examples]
    level: "warning"
    schema: {"loadingURI":"#","pointer":"/properties/carrinhos/items/properties/_id"}
    domain: "syntax"
    ignored: ["examples"]
warning: the following keywords are unknown and will be ignored: [examples]
    level: "warning"
    schema: {"loadingURI":"#","pointer":"/properties/carrinhos/items/properties/idUsuario"}
    domain: "syntax"
    ignored: ["examples"]
warning: the following keywords are unknown and will be ignored: [examples]
    level: "warning"
    schema: {"loadingURI":"#","pointer":"/properties/carrinhos/items/properties/precoTotal"}
    domain: "syntax"
    ignored: ["examples"]
warning: the following keywords are unknown and will be ignored: [examples]
    level: "warning"
    schema: {"loadingURI":"#","pointer":"/properties/carrinhos/items/properties/produtos"}
    domain: "syntax"
    ignored: ["examples"]
warning: the following keywords are unknown and will be ignored: [examples]
    level: "warning"
    schema: {"loadingURI":"#","pointer":"/properties/carrinhos/items/properties/produtos/items"}
    domain: "syntax"
    ignored: ["examples"]
warning: the following keywords are unknown and will be ignored: [examples]
    level: "warning"
    schema: {"loadingURI":"#","pointer":"/properties/carrinhos/items/properties/produtos/items/items"}
    domain: "syntax"
    ignored: ["examples"]
warning: the following keywords are unknown and will be ignored: [examples]
    level: "warning"
    schema: {"loadingURI":"#","pointer":"/properties/carrinhos/items/properties/produtos/items/items/properties/idProduto"}
    domain: "syntax"
    ignored: ["examples"]
warning: the following keywords are unknown and will be ignored: [examples]
    level: "warning"
    schema: {"loadingURI":"#","pointer":"/properties/carrinhos/items/properties/produtos/items/items/properties/precoUnitario"}
    domain: "syntax"
    ignored: ["examples"]
warning: the following keywords are unknown and will be ignored: [examples]
    level: "warning"
    schema: {"loadingURI":"#","pointer":"/properties/carrinhos/items/properties/produtos/items/items/properties/quantidade"}
    domain: "syntax"
    ignored: ["examples"]
warning: the following keywords are unknown and will be ignored: [examples]
    level: "warning"
    schema: {"loadingURI":"#","pointer":"/properties/carrinhos/items/properties/produtos/items"}
    domain: "syntax"
    ignored: ["examples"]
warning: the following keywords are unknown and will be ignored: [examples]
    level: "warning"
    schema: {"loadingURI":"#","pointer":"/properties/carrinhos/items/properties/produtos/items/items"}
    domain: "syntax"
    ignored: ["examples"]
warning: the following keywords are unknown and will be ignored: [examples]
    level: "warning"
    schema: {"loadingURI":"#","pointer":"/properties/carrinhos/items/properties/produtos/items/items/properties/idProduto"}
    domain: "syntax"
    ignored: ["examples"]
warning: the following keywords are unknown and will be ignored: [examples]
    level: "warning"
    schema: {"loadingURI":"#","pointer":"/properties/carrinhos/items/properties/produtos/items/items/properties/precoUnitario"}
    domain: "syntax"
    ignored: ["examples"]
warning: the following keywords are unknown and will be ignored: [examples]
    level: "warning"
    schema: {"loadingURI":"#","pointer":"/properties/carrinhos/items/properties/produtos/items/items/properties/quantidade"}
    domain: "syntax"
    ignored: ["examples"]
error: instance type (object) does not match any allowed primitive type (allowed: ["array"])
    level: "error"
    schema: {"loadingURI":"#","pointer":"/properties/carrinhos/items/properties/produtos/items"}
    instance: {"pointer":"/carrinhos/0/produtos/0"}
    domain: "validation"
    keyword: "type"
    found: "object"
    expected: ["array"]
warning: the following keywords are unknown and will be ignored: [examples]
    level: "warning"
    schema: {"loadingURI":"#","pointer":"/properties/carrinhos/items/properties/quantidadeTotal"}
    domain: "syntax"
    ignored: ["examples"]
warning: the following keywords are unknown and will be ignored: [examples]
    level: "warning"
    schema: {"loadingURI":"#","pointer":"/properties/carrinhos/items"}
    domain: "syntax"
    ignored: ["examples"]
warning: the following keywords are unknown and will be ignored: [examples]
    level: "warning"
    schema: {"loadingURI":"#","pointer":"/properties/carrinhos/items/properties/_id"}
    domain: "syntax"
    ignored: ["examples"]
warning: the following keywords are unknown and will be ignored: [examples]
    level: "warning"
    schema: {"loadingURI":"#","pointer":"/properties/carrinhos/items/properties/idUsuario"}
    domain: "syntax"
    ignored: ["examples"]
warning: the following keywords are unknown and will be ignored: [examples]
    level: "warning"
    schema: {"loadingURI":"#","pointer":"/properties/carrinhos/items/properties/precoTotal"}
    domain: "syntax"
    ignored: ["examples"]
warning: the following keywords are unknown and will be ignored: [examples]
    level: "warning"
    schema: {"loadingURI":"#","pointer":"/properties/carrinhos/items/properties/produtos"}
    domain: "syntax"
    ignored: ["examples"]
warning: the following keywords are unknown and will be ignored: [examples]
    level: "warning"
    schema: {"loadingURI":"#","pointer":"/properties/carrinhos/items/properties/produtos/items"}
    domain: "syntax"
    ignored: ["examples"]
warning: the following keywords are unknown and will be ignored: [examples]
    level: "warning"
    schema: {"loadingURI":"#","pointer":"/properties/carrinhos/items/properties/produtos/items/items"}
    domain: "syntax"
    ignored: ["examples"]
warning: the following keywords are unknown and will be ignored: [examples]
    level: "warning"
    schema: {"loadingURI":"#","pointer":"/properties/carrinhos/items/properties/produtos/items/items/properties/idProduto"}
    domain: "syntax"
    ignored: ["examples"]
warning: the following keywords are unknown and will be ignored: [examples]
    level: "warning"
    schema: {"loadingURI":"#","pointer":"/properties/carrinhos/items/properties/produtos/items/items/properties/precoUnitario"}
    domain: "syntax"
    ignored: ["examples"]
warning: the following keywords are unknown and will be ignored: [examples]
    level: "warning"
    schema: {"loadingURI":"#","pointer":"/properties/carrinhos/items/properties/produtos/items/items/properties/quantidade"}
    domain: "syntax"
    ignored: ["examples"]
warning: the following keywords are unknown and will be ignored: [examples]
    level: "warning"
    schema: {"loadingURI":"#","pointer":"/properties/carrinhos/items/properties/quantidadeTotal"}
    domain: "syntax"
    ignored: ["examples"]
warning: the following keywords are unknown and will be ignored: [examples]
    level: "warning"
    schema: {"loadingURI":"#","pointer":"/properties/quantidade"}
    domain: "syntax"
    ignored: ["examples"]

     but: was "{\n    \"quantidade\": 2,\n    \"carrinhos\": [\n        {\n            \"produtos\": [\n                {\n                    \"idProduto\": \"h7dceM8ROaiLVhdq\",\n                    \"quantidade\": 1,\n                    \"precoUnitario\": 15\n                }\n            ],\n            \"precoTotal\": 15,\n            \"quantidadeTotal\": 1,\n            \"idUsuario\": \"63xAGQPLeC6CqwBv\",\n            \"_id\": \"6EX4E2ccartmocYx\"\n        },\n        {\n            \"produtos\": [\n                {\n                    \"idProduto\": \"BeeJh5lz3k6kSIzA\",\n                    \"quantidade\": 2,\n                    \"precoUnitario\": 470\n                },\n                {\n                    \"idProduto\": \"K6leHdftCeOJj8BJ\",\n                    \"quantidade\": 1,\n                    \"precoUnitario\": 5240\n                }\n            ],\n            \"precoTotal\": 6180,\n            \"quantidadeTotal\": 3,\n            \"idUsuario\": \"oUb7aGkMtSEPf6BZ\",\n            \"_id\": \"qbMqntef4iTOwWfg\"\n        }\n    ]\n}"
	at org.hamcrest.MatcherAssert.assertThat(MatcherAssert.java:18)
	at org.hamcrest.MatcherAssert.assertThat(MatcherAssert.java:6)
	at tests.Carrinhos.Get.CarrinhosGetTest.devoValidarSchemaCarrinhosGet(CarrinhosGetTest.java:76)
	at java.base/jdk.internal.reflect.DirectMethodHandleAccessor.invoke(DirectMethodHandleAccessor.java:104)
	at java.base/java.lang.reflect.Method.invoke(Method.java:578)
	at org.junit.platform.commons.util.ReflectionUtils.invokeMethod(ReflectionUtils.java:727)
	at org.junit.jupiter.engine.execution.MethodInvocation.proceed(MethodInvocation.java:60)
	at org.junit.jupiter.engine.execution.InvocationInterceptorChain$ValidatingInvocation.proceed(InvocationInterceptorChain.java:131)
	at org.junit.jupiter.api.extension.InvocationInterceptor.interceptTestMethod(InvocationInterceptor.java:118)
	at org.junit.jupiter.engine.execution.InterceptingExecutableInvoker$ReflectiveInterceptorCall.lambda$ofVoidMethod$0(InterceptingExecutableInvoker.java:103)
	at org.junit.jupiter.engine.execution.InterceptingExecutableInvoker.lambda$invoke$0(InterceptingExecutableInvoker.java:93)
	at org.junit.jupiter.engine.execution.InvocationInterceptorChain$InterceptedInvocation.proceed(InvocationInterceptorChain.java:106)
	at org.junit.jupiter.engine.extension.TimeoutExtension.intercept(TimeoutExtension.java:156)
	at org.junit.jupiter.engine.extension.TimeoutExtension.interceptTestableMethod(TimeoutExtension.java:147)
	at org.junit.jupiter.engine.extension.TimeoutExtension.interceptTestMethod(TimeoutExtension.java:86)
	at org.junit.jupiter.engine.execution.InterceptingExecutableInvoker$ReflectiveInterceptorCall.lambda$ofVoidMethod$0(InterceptingExecutableInvoker.java:103)
	at org.junit.jupiter.engine.execution.InterceptingExecutableInvoker.lambda$invoke$0(InterceptingExecutableInvoker.java:93)
	at org.junit.jupiter.engine.execution.InvocationInterceptorChain$InterceptedInvocation.proceed(InvocationInterceptorChain.java:106)
	at org.junit.jupiter.engine.execution.InvocationInterceptorChain.proceed(InvocationInterceptorChain.java:64)
	at org.junit.jupiter.engine.execution.InvocationInterceptorChain.chainAndInvoke(InvocationInterceptorChain.java:45)
	at org.junit.jupiter.engine.execution.InvocationInterceptorChain.invoke(InvocationInterceptorChain.java:37)
	at org.junit.jupiter.engine.execution.InterceptingExecutableInvoker.invoke(InterceptingExecutableInvoker.java:92)
	at org.junit.jupiter.engine.execution.InterceptingExecutableInvoker.invoke(InterceptingExecutableInvoker.java:86)
	at org.junit.jupiter.engine.descriptor.TestMethodTestDescriptor.lambda$invokeTestMethod$7(TestMethodTestDescriptor.java:217)
	at org.junit.platform.engine.support.hierarchical.ThrowableCollector.execute(ThrowableCollector.java:73)
	at org.junit.jupiter.engine.descriptor.TestMethodTestDescriptor.invokeTestMethod(TestMethodTestDescriptor.java:213)
	at org.junit.jupiter.engine.descriptor.TestMethodTestDescriptor.execute(TestMethodTestDescriptor.java:138)
	at org.junit.jupiter.engine.descriptor.TestMethodTestDescriptor.execute(TestMethodTestDescriptor.java:68)
	at org.junit.platform.engine.support.hierarchical.NodeTestTask.lambda$executeRecursively$6(NodeTestTask.java:151)
	at org.junit.platform.engine.support.hierarchical.ThrowableCollector.execute(ThrowableCollector.java:73)
	at org.junit.platform.engine.support.hierarchical.NodeTestTask.lambda$executeRecursively$8(NodeTestTask.java:141)
	at org.junit.platform.engine.support.hierarchical.Node.around(Node.java:137)
	at org.junit.platform.engine.support.hierarchical.NodeTestTask.lambda$executeRecursively$9(NodeTestTask.java:139)
	at org.junit.platform.engine.support.hierarchical.ThrowableCollector.execute(ThrowableCollector.java:73)
	at org.junit.platform.engine.support.hierarchical.NodeTestTask.executeRecursively(NodeTestTask.java:138)
	at org.junit.platform.engine.support.hierarchical.NodeTestTask.execute(NodeTestTask.java:95)
	at java.base/java.util.ArrayList.forEach(ArrayList.java:1511)
	at org.junit.platform.engine.support.hierarchical.SameThreadHierarchicalTestExecutorService.invokeAll(SameThreadHierarchicalTestExecutorService.java:41)
	at org.junit.platform.engine.support.hierarchical.NodeTestTask.lambda$executeRecursively$6(NodeTestTask.java:155)
	at org.junit.platform.engine.support.hierarchical.ThrowableCollector.execute(ThrowableCollector.java:73)
	at org.junit.platform.engine.support.hierarchical.NodeTestTask.lambda$executeRecursively$8(NodeTestTask.java:141)
	at org.junit.platform.engine.support.hierarchical.Node.around(Node.java:137)
	at org.junit.platform.engine.support.hierarchical.NodeTestTask.lambda$executeRecursively$9(NodeTestTask.java:139)
	at org.junit.platform.engine.support.hierarchical.ThrowableCollector.execute(ThrowableCollector.java:73)
	at org.junit.platform.engine.support.hierarchical.NodeTestTask.executeRecursively(NodeTestTask.java:138)
	at org.junit.platform.engine.support.hierarchical.NodeTestTask.execute(NodeTestTask.java:95)
	at java.base/java.util.ArrayList.forEach(ArrayList.java:1511)
	at org.junit.platform.engine.support.hierarchical.SameThreadHierarchicalTestExecutorService.invokeAll(SameThreadHierarchicalTestExecutorService.java:41)
	at org.junit.platform.engine.support.hierarchical.NodeTestTask.lambda$executeRecursively$6(NodeTestTask.java:155)
	at org.junit.platform.engine.support.hierarchical.ThrowableCollector.execute(ThrowableCollector.java:73)
	at org.junit.platform.engine.support.hierarchical.NodeTestTask.lambda$executeRecursively$8(NodeTestTask.java:141)
	at org.junit.platform.engine.support.hierarchical.Node.around(Node.java:137)
	at org.junit.platform.engine.support.hierarchical.NodeTestTask.lambda$executeRecursively$9(NodeTestTask.java:139)
	at org.junit.platform.engine.support.hierarchical.ThrowableCollector.execute(ThrowableCollector.java:73)
	at org.junit.platform.engine.support.hierarchical.NodeTestTask.executeRecursively(NodeTestTask.java:138)
	at org.junit.platform.engine.support.hierarchical.NodeTestTask.execute(NodeTestTask.java:95)
	at org.junit.platform.engine.support.hierarchical.SameThreadHierarchicalTestExecutorService.submit(SameThreadHierarchicalTestExecutorService.java:35)
	at org.junit.platform.engine.support.hierarchical.HierarchicalTestExecutor.execute(HierarchicalTestExecutor.java:57)
	at org.junit.platform.engine.support.hierarchical.HierarchicalTestEngine.execute(HierarchicalTestEngine.java:54)
	at org.junit.platform.launcher.core.EngineExecutionOrchestrator.execute(EngineExecutionOrchestrator.java:107)
	at org.junit.platform.launcher.core.EngineExecutionOrchestrator.execute(EngineExecutionOrchestrator.java:88)
	at org.junit.platform.launcher.core.EngineExecutionOrchestrator.lambda$execute$0(EngineExecutionOrchestrator.java:54)
	at org.junit.platform.launcher.core.EngineExecutionOrchestrator.withInterceptedStreams(EngineExecutionOrchestrator.java:67)
	at org.junit.platform.launcher.core.EngineExecutionOrchestrator.execute(EngineExecutionOrchestrator.java:52)
	at org.junit.platform.launcher.core.DefaultLauncher.execute(DefaultLauncher.java:114)
	at org.junit.platform.launcher.core.DefaultLauncher.execute(DefaultLauncher.java:86)
	at org.junit.platform.launcher.core.DefaultLauncherSession$DelegatingLauncher.execute(DefaultLauncherSession.java:86)
	at org.apache.maven.surefire.junitplatform.LazyLauncher.execute(LazyLauncher.java:55)
	at org.apache.maven.surefire.junitplatform.JUnitPlatformProvider.execute(JUnitPlatformProvider.java:223)
	at org.apache.maven.surefire.junitplatform.JUnitPlatformProvider.invokeAllTests(JUnitPlatformProvider.java:175)
	at org.apache.maven.surefire.junitplatform.JUnitPlatformProvider.invoke(JUnitPlatformProvider.java:139)
	at org.apache.maven.surefire.booter.ForkedBooter.runSuitesInProcess(ForkedBooter.java:456)
	at org.apache.maven.surefire.booter.ForkedBooter.execute(ForkedBooter.java:169)
	at org.apache.maven.surefire.booter.ForkedBooter.run(ForkedBooter.java:595)
	at org.apache.maven.surefire.booter.ForkedBooter.main(ForkedBooter.java:581)

